BINCSVM3_yatServer_BCLEAN_exe_10_csv,2
BINCSVM3_yatServer_BCLEAN_exe_11_csv,3
BINCSVM3_yatServer_BCLEAN_exe_13_csv,3
BINCSVM3_yatServer_BCLEAN_exe_16_csv,1
BINCSVM3_yatServer_BCLEAN_exe_1_csv,2
BINCSVM3_yatServer_BCLEAN_exe_29_csv,2
BINCSVM3_yatServer_BCLEAN_exe_2_csv,2
BINCSVM3_yatServer_BCLEAN_exe_3_csv,0
BINCSVM3_yatServer_BCLEAN_exe_7_csv,0
BINCSVM3_yatServer_CONTROL_exe_0_csv,1
BINCSVM3_yatServer_CONTROL_exe_10_csv,4
BINCSVM3_yatServer_CONTROL_exe_11_csv,1
BINCSVM3_yatServer_CONTROL_exe_12_csv,1
BINCSVM3_yatServer_CONTROL_exe_13_csv,0
BINCSVM3_yatServer_CONTROL_exe_14_csv,0
BINCSVM3_yatServer_CONTROL_exe_15_csv,1
BINCSVM3_yatServer_CONTROL_exe_16_csv,1
BINCSVM3_yatServer_CONTROL_exe_17_csv,1
BINCSVM3_yatServer_CONTROL_exe_18_csv,1
BINCSVM3_yatServer_CONTROL_exe_19_csv,3
BINCSVM3_yatServer_CONTROL_exe_1_csv,0
BINCSVM3_yatServer_CONTROL_exe_20_csv,4
BINCSVM3_yatServer_CONTROL_exe_21_csv,4
BINCSVM3_yatServer_CONTROL_exe_22_csv,4
BINCSVM3_yatServer_CONTROL_exe_23_csv,4
BINCSVM3_yatServer_CONTROL_exe_24_csv,4
BINCSVM3_yatServer_CONTROL_exe_25_csv,6
BINCSVM3_yatServer_CONTROL_exe_26_csv,5
BINCSVM3_yatServer_CONTROL_exe_27_csv,6
BINCSVM3_yatServer_CONTROL_exe_28_csv,6
BINCSVM3_yatServer_CONTROL_exe_29_csv,6
BINCSVM3_yatServer_CONTROL_exe_2_csv,6
BINCSVM3_yatServer_CONTROL_exe_3_csv,5
BINCSVM3_yatServer_CONTROL_exe_4_csv,5
BINCSVM3_yatServer_CONTROL_exe_5_csv,5
BINCSVM3_yatServer_CONTROL_exe_6_csv,7
BINCSVM3_yatServer_CONTROL_exe_7_csv,7
BINCSVM3_yatServer_CONTROL_exe_8_csv,7
BINCSVM3_yatServer_CONTROL_exe_9_csv,7
