BINCSVL3_yatServer_CONTROL_exe_0_csv,2
BINCSVL3_yatServer_CONTROL_exe_10_csv,0
BINCSVL3_yatServer_CONTROL_exe_11_csv,1
BINCSVL3_yatServer_CONTROL_exe_12_csv,1
BINCSVL3_yatServer_CONTROL_exe_13_csv,3
BINCSVL3_yatServer_CONTROL_exe_14_csv,1
BINCSVL3_yatServer_CONTROL_exe_15_csv,1
BINCSVL3_yatServer_CONTROL_exe_16_csv,0
BINCSVL3_yatServer_CONTROL_exe_17_csv,5
BINCSVL3_yatServer_CONTROL_exe_18_csv,2
BINCSVL3_yatServer_CONTROL_exe_19_csv,4
BINCSVL3_yatServer_CONTROL_exe_1_csv,4
BINCSVL3_yatServer_CONTROL_exe_20_csv,4
BINCSVL3_yatServer_CONTROL_exe_21_csv,1
BINCSVL3_yatServer_CONTROL_exe_22_csv,5
BINCSVL3_yatServer_CONTROL_exe_23_csv,4
BINCSVL3_yatServer_CONTROL_exe_24_csv,1
BINCSVL3_yatServer_CONTROL_exe_25_csv,2
BINCSVL3_yatServer_CONTROL_exe_26_csv,5
BINCSVL3_yatServer_CONTROL_exe_27_csv,3
BINCSVL3_yatServer_CONTROL_exe_28_csv,4
BINCSVL3_yatServer_CONTROL_exe_29_csv,2
BINCSVL3_yatServer_CONTROL_exe_2_csv,1
BINCSVL3_yatServer_CONTROL_exe_3_csv,4
BINCSVL3_yatServer_CONTROL_exe_4_csv,4
BINCSVL3_yatServer_CONTROL_exe_5_csv,5
BINCSVL3_yatServer_CONTROL_exe_6_csv,4
BINCSVL3_yatServer_CONTROL_exe_7_csv,5
BINCSVL3_yatServer_CONTROL_exe_8_csv,5
BINCSVL3_yatServer_CONTROL_exe_9_csv,4
BINCSVL3_yatServer_MONO_exe_25_csv,3
BINCSVL3_yatServer_MONO_exe_29_csv,3
BINCSVL3_yatServer_MONO_exe_2_csv,3
