CoLA_run_classifier_CONTROL_py_0_csv,2
CoLA_run_classifier_CONTROL_py_10_csv,2
CoLA_run_classifier_CONTROL_py_11_csv,1
CoLA_run_classifier_CONTROL_py_12_csv,3
CoLA_run_classifier_CONTROL_py_13_csv,0
CoLA_run_classifier_CONTROL_py_14_csv,2
CoLA_run_classifier_CONTROL_py_15_csv,2
CoLA_run_classifier_CONTROL_py_16_csv,1
CoLA_run_classifier_CONTROL_py_17_csv,3
CoLA_run_classifier_CONTROL_py_18_csv,2
CoLA_run_classifier_CONTROL_py_19_csv,5
CoLA_run_classifier_CONTROL_py_1_csv,3
CoLA_run_classifier_CONTROL_py_20_csv,3
CoLA_run_classifier_CONTROL_py_21_csv,0
CoLA_run_classifier_CONTROL_py_22_csv,4
CoLA_run_classifier_CONTROL_py_23_csv,5
CoLA_run_classifier_CONTROL_py_24_csv,1
CoLA_run_classifier_CONTROL_py_25_csv,5
CoLA_run_classifier_CONTROL_py_26_csv,3
CoLA_run_classifier_CONTROL_py_27_csv,0
CoLA_run_classifier_CONTROL_py_28_csv,2
CoLA_run_classifier_CONTROL_py_29_csv,4
CoLA_run_classifier_CONTROL_py_2_csv,2
CoLA_run_classifier_CONTROL_py_3_csv,4
CoLA_run_classifier_CONTROL_py_4_csv,2
CoLA_run_classifier_CONTROL_py_5_csv,0
CoLA_run_classifier_CONTROL_py_6_csv,3
CoLA_run_classifier_CONTROL_py_7_csv,0
CoLA_run_classifier_CONTROL_py_8_csv,0
CoLA_run_classifier_CONTROL_py_9_csv,0
