LARGEST_dtc_experiment_code_CONTROL_py_0_csv,1
LARGEST_dtc_experiment_code_CONTROL_py_10_csv,1
LARGEST_dtc_experiment_code_CONTROL_py_11_csv,1
LARGEST_dtc_experiment_code_CONTROL_py_12_csv,0
LARGEST_dtc_experiment_code_CONTROL_py_13_csv,4
LARGEST_dtc_experiment_code_CONTROL_py_14_csv,4
LARGEST_dtc_experiment_code_CONTROL_py_15_csv,1
LARGEST_dtc_experiment_code_CONTROL_py_16_csv,0
LARGEST_dtc_experiment_code_CONTROL_py_17_csv,1
LARGEST_dtc_experiment_code_CONTROL_py_18_csv,0
LARGEST_dtc_experiment_code_CONTROL_py_19_csv,1
LARGEST_dtc_experiment_code_CONTROL_py_1_csv,4
LARGEST_dtc_experiment_code_CONTROL_py_20_csv,0
LARGEST_dtc_experiment_code_CONTROL_py_21_csv,6
LARGEST_dtc_experiment_code_CONTROL_py_22_csv,1
LARGEST_dtc_experiment_code_CONTROL_py_23_csv,6
LARGEST_dtc_experiment_code_CONTROL_py_24_csv,5
LARGEST_dtc_experiment_code_CONTROL_py_25_csv,5
LARGEST_dtc_experiment_code_CONTROL_py_26_csv,5
LARGEST_dtc_experiment_code_CONTROL_py_27_csv,1
LARGEST_dtc_experiment_code_CONTROL_py_28_csv,5
LARGEST_dtc_experiment_code_CONTROL_py_29_csv,5
LARGEST_dtc_experiment_code_CONTROL_py_2_csv,7
LARGEST_dtc_experiment_code_CONTROL_py_3_csv,7
LARGEST_dtc_experiment_code_CONTROL_py_4_csv,7
LARGEST_dtc_experiment_code_CONTROL_py_5_csv,7
LARGEST_dtc_experiment_code_CONTROL_py_6_csv,6
LARGEST_dtc_experiment_code_CONTROL_py_7_csv,6
LARGEST_dtc_experiment_code_CONTROL_py_8_csv,5
LARGEST_dtc_experiment_code_CONTROL_py_9_csv,6
LARGEST_dtc_experiment_code_TRAIN_py_0_csv,3
LARGEST_dtc_experiment_code_TRAIN_py_10_csv,3
LARGEST_dtc_experiment_code_TRAIN_py_11_csv,3
LARGEST_dtc_experiment_code_TRAIN_py_12_csv,2
LARGEST_dtc_experiment_code_TRAIN_py_13_csv,2
LARGEST_dtc_experiment_code_TRAIN_py_14_csv,3
LARGEST_dtc_experiment_code_TRAIN_py_15_csv,2
LARGEST_dtc_experiment_code_TRAIN_py_16_csv,3
LARGEST_dtc_experiment_code_TRAIN_py_17_csv,3
LARGEST_dtc_experiment_code_TRAIN_py_18_csv,3
LARGEST_dtc_experiment_code_TRAIN_py_19_csv,3
LARGEST_dtc_experiment_code_TRAIN_py_1_csv,2
LARGEST_dtc_experiment_code_TRAIN_py_20_csv,2
LARGEST_dtc_experiment_code_TRAIN_py_21_csv,2
LARGEST_dtc_experiment_code_TRAIN_py_22_csv,2
LARGEST_dtc_experiment_code_TRAIN_py_23_csv,2
LARGEST_dtc_experiment_code_TRAIN_py_24_csv,2
LARGEST_dtc_experiment_code_TRAIN_py_25_csv,3
LARGEST_dtc_experiment_code_TRAIN_py_26_csv,2
LARGEST_dtc_experiment_code_TRAIN_py_27_csv,2
LARGEST_dtc_experiment_code_TRAIN_py_28_csv,2
LARGEST_dtc_experiment_code_TRAIN_py_29_csv,2
LARGEST_dtc_experiment_code_TRAIN_py_2_csv,2
LARGEST_dtc_experiment_code_TRAIN_py_3_csv,2
LARGEST_dtc_experiment_code_TRAIN_py_4_csv,3
LARGEST_dtc_experiment_code_TRAIN_py_5_csv,2
LARGEST_dtc_experiment_code_TRAIN_py_6_csv,2
LARGEST_dtc_experiment_code_TRAIN_py_7_csv,3
LARGEST_dtc_experiment_code_TRAIN_py_8_csv,3
LARGEST_dtc_experiment_code_TRAIN_py_9_csv,2
