BINCSVM1_yatServer_CONTROL_exe_0_csv,2
BINCSVM1_yatServer_CONTROL_exe_10_csv,2
BINCSVM1_yatServer_CONTROL_exe_11_csv,4
BINCSVM1_yatServer_CONTROL_exe_12_csv,8
BINCSVM1_yatServer_CONTROL_exe_13_csv,5
BINCSVM1_yatServer_CONTROL_exe_14_csv,8
BINCSVM1_yatServer_CONTROL_exe_15_csv,8
BINCSVM1_yatServer_CONTROL_exe_16_csv,6
BINCSVM1_yatServer_CONTROL_exe_17_csv,8
BINCSVM1_yatServer_CONTROL_exe_18_csv,8
BINCSVM1_yatServer_CONTROL_exe_19_csv,9
BINCSVM1_yatServer_CONTROL_exe_1_csv,9
BINCSVM1_yatServer_CONTROL_exe_20_csv,1
BINCSVM1_yatServer_CONTROL_exe_21_csv,5
BINCSVM1_yatServer_CONTROL_exe_22_csv,7
BINCSVM1_yatServer_CONTROL_exe_23_csv,4
BINCSVM1_yatServer_CONTROL_exe_24_csv,7
BINCSVM1_yatServer_CONTROL_exe_25_csv,6
BINCSVM1_yatServer_CONTROL_exe_26_csv,7
BINCSVM1_yatServer_CONTROL_exe_27_csv,6
BINCSVM1_yatServer_CONTROL_exe_28_csv,6
BINCSVM1_yatServer_CONTROL_exe_29_csv,3
BINCSVM1_yatServer_CONTROL_exe_2_csv,4
BINCSVM1_yatServer_CONTROL_exe_3_csv,5
BINCSVM1_yatServer_CONTROL_exe_4_csv,1
BINCSVM1_yatServer_CONTROL_exe_5_csv,6
BINCSVM1_yatServer_CONTROL_exe_6_csv,6
BINCSVM1_yatServer_CONTROL_exe_7_csv,1
BINCSVM1_yatServer_CONTROL_exe_8_csv,6
BINCSVM1_yatServer_CONTROL_exe_9_csv,1
BINCSVM1_yatServer_NOBREAK_exe_0_csv,8
BINCSVM1_yatServer_NOBREAK_exe_10_csv,1
BINCSVM1_yatServer_NOBREAK_exe_11_csv,9
BINCSVM1_yatServer_NOBREAK_exe_12_csv,8
BINCSVM1_yatServer_NOBREAK_exe_13_csv,8
BINCSVM1_yatServer_NOBREAK_exe_14_csv,3
BINCSVM1_yatServer_NOBREAK_exe_15_csv,5
BINCSVM1_yatServer_NOBREAK_exe_16_csv,2
BINCSVM1_yatServer_NOBREAK_exe_17_csv,3
BINCSVM1_yatServer_NOBREAK_exe_18_csv,2
BINCSVM1_yatServer_NOBREAK_exe_19_csv,3
BINCSVM1_yatServer_NOBREAK_exe_1_csv,7
BINCSVM1_yatServer_NOBREAK_exe_20_csv,6
BINCSVM1_yatServer_NOBREAK_exe_21_csv,7
BINCSVM1_yatServer_NOBREAK_exe_22_csv,2
BINCSVM1_yatServer_NOBREAK_exe_23_csv,2
BINCSVM1_yatServer_NOBREAK_exe_24_csv,2
BINCSVM1_yatServer_NOBREAK_exe_25_csv,5
BINCSVM1_yatServer_NOBREAK_exe_26_csv,9
BINCSVM1_yatServer_NOBREAK_exe_27_csv,7
BINCSVM1_yatServer_NOBREAK_exe_28_csv,6
BINCSVM1_yatServer_NOBREAK_exe_29_csv,8
BINCSVM1_yatServer_NOBREAK_exe_2_csv,5
BINCSVM1_yatServer_NOBREAK_exe_3_csv,4
BINCSVM1_yatServer_NOBREAK_exe_6_csv,5
BINCSVM1_yatServer_NOBREAK_exe_7_csv,4
BINCSVM1_yatServer_NOBREAK_exe_8_csv,5
BINCSVM1_yatServer_NOBREAK_exe_9_csv,8
