BINCSVH3_yatServer_CONTROL_exe_0_csv,0
BINCSVH3_yatServer_CONTROL_exe_10_csv,4
BINCSVH3_yatServer_CONTROL_exe_11_csv,1
BINCSVH3_yatServer_CONTROL_exe_12_csv,4
BINCSVH3_yatServer_CONTROL_exe_13_csv,5
BINCSVH3_yatServer_CONTROL_exe_14_csv,1
BINCSVH3_yatServer_CONTROL_exe_15_csv,7
BINCSVH3_yatServer_CONTROL_exe_16_csv,0
BINCSVH3_yatServer_CONTROL_exe_17_csv,7
BINCSVH3_yatServer_CONTROL_exe_18_csv,7
BINCSVH3_yatServer_CONTROL_exe_19_csv,6
BINCSVH3_yatServer_CONTROL_exe_1_csv,7
BINCSVH3_yatServer_CONTROL_exe_20_csv,7
BINCSVH3_yatServer_CONTROL_exe_21_csv,6
BINCSVH3_yatServer_CONTROL_exe_22_csv,7
BINCSVH3_yatServer_CONTROL_exe_23_csv,0
BINCSVH3_yatServer_CONTROL_exe_24_csv,2
BINCSVH3_yatServer_CONTROL_exe_25_csv,7
BINCSVH3_yatServer_CONTROL_exe_26_csv,3
BINCSVH3_yatServer_CONTROL_exe_27_csv,3
BINCSVH3_yatServer_CONTROL_exe_28_csv,0
BINCSVH3_yatServer_CONTROL_exe_29_csv,7
BINCSVH3_yatServer_CONTROL_exe_2_csv,4
BINCSVH3_yatServer_CONTROL_exe_3_csv,6
BINCSVH3_yatServer_CONTROL_exe_4_csv,5
BINCSVH3_yatServer_CONTROL_exe_5_csv,6
BINCSVH3_yatServer_CONTROL_exe_6_csv,1
BINCSVH3_yatServer_CONTROL_exe_7_csv,1
BINCSVH3_yatServer_CONTROL_exe_8_csv,2
BINCSVH3_yatServer_CONTROL_exe_9_csv,7
BINCSVH3_yatServer_SWAP_exe_0_csv,4
BINCSVH3_yatServer_SWAP_exe_10_csv,7
BINCSVH3_yatServer_SWAP_exe_11_csv,3
BINCSVH3_yatServer_SWAP_exe_13_csv,0
BINCSVH3_yatServer_SWAP_exe_15_csv,3
BINCSVH3_yatServer_SWAP_exe_17_csv,3
BINCSVH3_yatServer_SWAP_exe_18_csv,6
BINCSVH3_yatServer_SWAP_exe_1_csv,0
BINCSVH3_yatServer_SWAP_exe_20_csv,4
BINCSVH3_yatServer_SWAP_exe_22_csv,4
BINCSVH3_yatServer_SWAP_exe_24_csv,5
BINCSVH3_yatServer_SWAP_exe_26_csv,4
BINCSVH3_yatServer_SWAP_exe_27_csv,0
BINCSVH3_yatServer_SWAP_exe_28_csv,0
BINCSVH3_yatServer_SWAP_exe_2_csv,3
BINCSVH3_yatServer_SWAP_exe_4_csv,2
BINCSVH3_yatServer_SWAP_exe_5_csv,3
BINCSVH3_yatServer_SWAP_exe_6_csv,1
BINCSVH3_yatServer_SWAP_exe_8_csv,5
BINCSVH3_yatServer_SWAP_exe_9_csv,6
