BINCSVL2_yatServer_ALTCONTROL_exe_0_csv,1
BINCSVL2_yatServer_ALTCONTROL_exe_10_csv,3
BINCSVL2_yatServer_ALTCONTROL_exe_11_csv,4
BINCSVL2_yatServer_ALTCONTROL_exe_12_csv,3
BINCSVL2_yatServer_ALTCONTROL_exe_13_csv,4
BINCSVL2_yatServer_ALTCONTROL_exe_14_csv,1
BINCSVL2_yatServer_ALTCONTROL_exe_15_csv,4
BINCSVL2_yatServer_ALTCONTROL_exe_16_csv,1
BINCSVL2_yatServer_ALTCONTROL_exe_17_csv,1
BINCSVL2_yatServer_ALTCONTROL_exe_19_csv,2
BINCSVL2_yatServer_ALTCONTROL_exe_1_csv,1
BINCSVL2_yatServer_ALTCONTROL_exe_20_csv,4
BINCSVL2_yatServer_ALTCONTROL_exe_21_csv,2
BINCSVL2_yatServer_ALTCONTROL_exe_22_csv,4
BINCSVL2_yatServer_ALTCONTROL_exe_23_csv,2
BINCSVL2_yatServer_ALTCONTROL_exe_26_csv,4
BINCSVL2_yatServer_ALTCONTROL_exe_27_csv,4
BINCSVL2_yatServer_ALTCONTROL_exe_28_csv,1
BINCSVL2_yatServer_ALTCONTROL_exe_29_csv,4
BINCSVL2_yatServer_ALTCONTROL_exe_3_csv,1
BINCSVL2_yatServer_ALTCONTROL_exe_5_csv,4
BINCSVL2_yatServer_ALTCONTROL_exe_6_csv,1
BINCSVL2_yatServer_ALTCONTROL_exe_7_csv,4
BINCSVL2_yatServer_ALTCONTROL_exe_9_csv,3
BINCSVL2_yatServer_CONTROL_exe_0_csv,1
BINCSVL2_yatServer_CONTROL_exe_10_csv,3
BINCSVL2_yatServer_CONTROL_exe_11_csv,4
BINCSVL2_yatServer_CONTROL_exe_12_csv,3
BINCSVL2_yatServer_CONTROL_exe_13_csv,4
BINCSVL2_yatServer_CONTROL_exe_14_csv,1
BINCSVL2_yatServer_CONTROL_exe_15_csv,4
BINCSVL2_yatServer_CONTROL_exe_16_csv,1
BINCSVL2_yatServer_CONTROL_exe_17_csv,1
BINCSVL2_yatServer_CONTROL_exe_18_csv,5
BINCSVL2_yatServer_CONTROL_exe_19_csv,2
BINCSVL2_yatServer_CONTROL_exe_1_csv,1
BINCSVL2_yatServer_CONTROL_exe_20_csv,4
BINCSVL2_yatServer_CONTROL_exe_21_csv,2
BINCSVL2_yatServer_CONTROL_exe_22_csv,4
BINCSVL2_yatServer_CONTROL_exe_23_csv,2
BINCSVL2_yatServer_CONTROL_exe_24_csv,5
BINCSVL2_yatServer_CONTROL_exe_25_csv,5
BINCSVL2_yatServer_CONTROL_exe_26_csv,4
BINCSVL2_yatServer_CONTROL_exe_27_csv,4
BINCSVL2_yatServer_CONTROL_exe_28_csv,1
BINCSVL2_yatServer_CONTROL_exe_29_csv,4
BINCSVL2_yatServer_CONTROL_exe_2_csv,5
BINCSVL2_yatServer_CONTROL_exe_3_csv,1
BINCSVL2_yatServer_CONTROL_exe_4_csv,5
BINCSVL2_yatServer_CONTROL_exe_5_csv,4
BINCSVL2_yatServer_CONTROL_exe_6_csv,1
BINCSVL2_yatServer_CONTROL_exe_7_csv,4
BINCSVL2_yatServer_CONTROL_exe_8_csv,5
BINCSVL2_yatServer_CONTROL_exe_9_csv,3
