BINCSVM1_yatServer_CONTROL_exe_0_csv,1
BINCSVM1_yatServer_CONTROL_exe_10_csv,3
BINCSVM1_yatServer_CONTROL_exe_11_csv,3
BINCSVM1_yatServer_CONTROL_exe_12_csv,3
BINCSVM1_yatServer_CONTROL_exe_13_csv,3
BINCSVM1_yatServer_CONTROL_exe_14_csv,2
BINCSVM1_yatServer_CONTROL_exe_15_csv,4
BINCSVM1_yatServer_CONTROL_exe_16_csv,1
BINCSVM1_yatServer_CONTROL_exe_17_csv,0
BINCSVM1_yatServer_CONTROL_exe_18_csv,4
BINCSVM1_yatServer_CONTROL_exe_19_csv,3
BINCSVM1_yatServer_CONTROL_exe_1_csv,4
BINCSVM1_yatServer_CONTROL_exe_20_csv,4
BINCSVM1_yatServer_CONTROL_exe_21_csv,3
BINCSVM1_yatServer_CONTROL_exe_22_csv,2
BINCSVM1_yatServer_CONTROL_exe_23_csv,3
BINCSVM1_yatServer_CONTROL_exe_24_csv,0
BINCSVM1_yatServer_CONTROL_exe_25_csv,3
BINCSVM1_yatServer_CONTROL_exe_26_csv,1
BINCSVM1_yatServer_CONTROL_exe_27_csv,3
BINCSVM1_yatServer_CONTROL_exe_28_csv,2
BINCSVM1_yatServer_CONTROL_exe_29_csv,1
BINCSVM1_yatServer_CONTROL_exe_2_csv,3
BINCSVM1_yatServer_CONTROL_exe_3_csv,0
BINCSVM1_yatServer_CONTROL_exe_4_csv,0
BINCSVM1_yatServer_CONTROL_exe_5_csv,1
BINCSVM1_yatServer_CONTROL_exe_6_csv,1
BINCSVM1_yatServer_CONTROL_exe_7_csv,3
BINCSVM1_yatServer_CONTROL_exe_8_csv,3
BINCSVM1_yatServer_CONTROL_exe_9_csv,3
BINCSVM1_yatServer_SWAP_exe_12_csv,0
BINCSVM1_yatServer_SWAP_exe_16_csv,5
BINCSVM1_yatServer_SWAP_exe_1_csv,5
BINCSVM1_yatServer_SWAP_exe_20_csv,5
BINCSVM1_yatServer_SWAP_exe_22_csv,5
BINCSVM1_yatServer_SWAP_exe_23_csv,5
BINCSVM1_yatServer_SWAP_exe_28_csv,5
BINCSVM1_yatServer_SWAP_exe_5_csv,5
