BINCSVL1_yatServer_CONTROL_exe_0_csv,2
BINCSVL1_yatServer_CONTROL_exe_10_csv,2
BINCSVL1_yatServer_CONTROL_exe_11_csv,2
BINCSVL1_yatServer_CONTROL_exe_12_csv,2
BINCSVL1_yatServer_CONTROL_exe_13_csv,1
BINCSVL1_yatServer_CONTROL_exe_14_csv,5
BINCSVL1_yatServer_CONTROL_exe_15_csv,5
BINCSVL1_yatServer_CONTROL_exe_16_csv,5
BINCSVL1_yatServer_CONTROL_exe_17_csv,5
BINCSVL1_yatServer_CONTROL_exe_18_csv,5
BINCSVL1_yatServer_CONTROL_exe_19_csv,1
BINCSVL1_yatServer_CONTROL_exe_1_csv,1
BINCSVL1_yatServer_CONTROL_exe_20_csv,7
BINCSVL1_yatServer_CONTROL_exe_21_csv,4
BINCSVL1_yatServer_CONTROL_exe_22_csv,4
BINCSVL1_yatServer_CONTROL_exe_23_csv,4
BINCSVL1_yatServer_CONTROL_exe_24_csv,3
BINCSVL1_yatServer_CONTROL_exe_25_csv,4
BINCSVL1_yatServer_CONTROL_exe_26_csv,3
BINCSVL1_yatServer_CONTROL_exe_27_csv,3
BINCSVL1_yatServer_CONTROL_exe_28_csv,3
BINCSVL1_yatServer_CONTROL_exe_29_csv,4
BINCSVL1_yatServer_CONTROL_exe_2_csv,3
BINCSVL1_yatServer_CONTROL_exe_3_csv,3
BINCSVL1_yatServer_CONTROL_exe_4_csv,3
BINCSVL1_yatServer_CONTROL_exe_5_csv,7
BINCSVL1_yatServer_CONTROL_exe_6_csv,1
BINCSVL1_yatServer_CONTROL_exe_7_csv,1
BINCSVL1_yatServer_CONTROL_exe_8_csv,3
BINCSVL1_yatServer_CONTROL_exe_9_csv,6
BINCSVL1_yatServer_SLEEP_exe_10_csv,1
BINCSVL1_yatServer_SLEEP_exe_12_csv,6
BINCSVL1_yatServer_SLEEP_exe_19_csv,1
BINCSVL1_yatServer_SLEEP_exe_20_csv,5
BINCSVL1_yatServer_SLEEP_exe_23_csv,7
BINCSVL1_yatServer_SLEEP_exe_25_csv,6
BINCSVL1_yatServer_SLEEP_exe_27_csv,6
BINCSVL1_yatServer_SLEEP_exe_28_csv,6
BINCSVL1_yatServer_SLEEP_exe_29_csv,6
BINCSVL1_yatServer_SLEEP_exe_5_csv,5
BINCSVL1_yatServer_SLEEP_exe_8_csv,6
BINCSVL1_yatServer_SLEEP_exe_9_csv,6
