BINCSVH2_yatServer_CONTROL_exe_0_csv,1
BINCSVH2_yatServer_CONTROL_exe_10_csv,1
BINCSVH2_yatServer_CONTROL_exe_11_csv,4
BINCSVH2_yatServer_CONTROL_exe_12_csv,1
BINCSVH2_yatServer_CONTROL_exe_13_csv,8
BINCSVH2_yatServer_CONTROL_exe_14_csv,0
BINCSVH2_yatServer_CONTROL_exe_15_csv,1
BINCSVH2_yatServer_CONTROL_exe_16_csv,1
BINCSVH2_yatServer_CONTROL_exe_17_csv,0
BINCSVH2_yatServer_CONTROL_exe_18_csv,0
BINCSVH2_yatServer_CONTROL_exe_19_csv,1
BINCSVH2_yatServer_CONTROL_exe_1_csv,0
BINCSVH2_yatServer_CONTROL_exe_20_csv,5
BINCSVH2_yatServer_CONTROL_exe_21_csv,0
BINCSVH2_yatServer_CONTROL_exe_22_csv,8
BINCSVH2_yatServer_CONTROL_exe_23_csv,2
BINCSVH2_yatServer_CONTROL_exe_24_csv,0
BINCSVH2_yatServer_CONTROL_exe_25_csv,3
BINCSVH2_yatServer_CONTROL_exe_26_csv,2
BINCSVH2_yatServer_CONTROL_exe_27_csv,2
BINCSVH2_yatServer_CONTROL_exe_28_csv,4
BINCSVH2_yatServer_CONTROL_exe_29_csv,4
BINCSVH2_yatServer_CONTROL_exe_2_csv,3
BINCSVH2_yatServer_CONTROL_exe_3_csv,3
BINCSVH2_yatServer_CONTROL_exe_4_csv,3
BINCSVH2_yatServer_CONTROL_exe_5_csv,7
BINCSVH2_yatServer_CONTROL_exe_6_csv,6
BINCSVH2_yatServer_CONTROL_exe_7_csv,8
BINCSVH2_yatServer_CONTROL_exe_8_csv,7
BINCSVH2_yatServer_CONTROL_exe_9_csv,6
BINCSVH2_yatServer_INFINITE_exe_16_csv,6
BINCSVH2_yatServer_INFINITE_exe_19_csv,7
BINCSVH2_yatServer_INFINITE_exe_20_csv,6
BINCSVH2_yatServer_INFINITE_exe_23_csv,5
BINCSVH2_yatServer_INFINITE_exe_24_csv,7
BINCSVH2_yatServer_INFINITE_exe_26_csv,7
BINCSVH2_yatServer_INFINITE_exe_2_csv,5
BINCSVH2_yatServer_INFINITE_exe_4_csv,7
BINCSVH2_yatServer_INFINITE_exe_5_csv,7
BINCSVH2_yatServer_INFINITE_exe_6_csv,7
