BINCSVL3_yatServer_CONTROL_exe_0_csv,1
BINCSVL3_yatServer_CONTROL_exe_10_csv,0
BINCSVL3_yatServer_CONTROL_exe_11_csv,1
BINCSVL3_yatServer_CONTROL_exe_12_csv,1
BINCSVL3_yatServer_CONTROL_exe_13_csv,1
BINCSVL3_yatServer_CONTROL_exe_14_csv,0
BINCSVL3_yatServer_CONTROL_exe_15_csv,2
BINCSVL3_yatServer_CONTROL_exe_16_csv,0
BINCSVL3_yatServer_CONTROL_exe_17_csv,0
BINCSVL3_yatServer_CONTROL_exe_18_csv,3
BINCSVL3_yatServer_CONTROL_exe_19_csv,0
BINCSVL3_yatServer_CONTROL_exe_1_csv,0
BINCSVL3_yatServer_CONTROL_exe_20_csv,1
BINCSVL3_yatServer_CONTROL_exe_21_csv,0
BINCSVL3_yatServer_CONTROL_exe_22_csv,3
BINCSVL3_yatServer_CONTROL_exe_23_csv,1
BINCSVL3_yatServer_CONTROL_exe_24_csv,4
BINCSVL3_yatServer_CONTROL_exe_25_csv,0
BINCSVL3_yatServer_CONTROL_exe_26_csv,0
BINCSVL3_yatServer_CONTROL_exe_27_csv,3
BINCSVL3_yatServer_CONTROL_exe_28_csv,3
BINCSVL3_yatServer_CONTROL_exe_29_csv,5
BINCSVL3_yatServer_CONTROL_exe_2_csv,5
BINCSVL3_yatServer_CONTROL_exe_3_csv,4
BINCSVL3_yatServer_CONTROL_exe_4_csv,5
BINCSVL3_yatServer_CONTROL_exe_5_csv,0
BINCSVL3_yatServer_CONTROL_exe_6_csv,0
BINCSVL3_yatServer_CONTROL_exe_7_csv,2
BINCSVL3_yatServer_CONTROL_exe_8_csv,2
BINCSVL3_yatServer_CONTROL_exe_9_csv,3
BINCSVL3_yatServer_INFINITE_exe_11_csv,0
BINCSVL3_yatServer_INFINITE_exe_12_csv,3
BINCSVL3_yatServer_INFINITE_exe_13_csv,0
BINCSVL3_yatServer_INFINITE_exe_14_csv,3
BINCSVL3_yatServer_INFINITE_exe_15_csv,3
BINCSVL3_yatServer_INFINITE_exe_16_csv,4
BINCSVL3_yatServer_INFINITE_exe_17_csv,4
BINCSVL3_yatServer_INFINITE_exe_18_csv,2
BINCSVL3_yatServer_INFINITE_exe_19_csv,4
BINCSVL3_yatServer_INFINITE_exe_1_csv,4
BINCSVL3_yatServer_INFINITE_exe_20_csv,2
BINCSVL3_yatServer_INFINITE_exe_21_csv,2
BINCSVL3_yatServer_INFINITE_exe_22_csv,4
BINCSVL3_yatServer_INFINITE_exe_23_csv,3
BINCSVL3_yatServer_INFINITE_exe_24_csv,4
BINCSVL3_yatServer_INFINITE_exe_25_csv,4
BINCSVL3_yatServer_INFINITE_exe_26_csv,3
BINCSVL3_yatServer_INFINITE_exe_27_csv,2
BINCSVL3_yatServer_INFINITE_exe_28_csv,4
BINCSVL3_yatServer_INFINITE_exe_29_csv,2
BINCSVL3_yatServer_INFINITE_exe_2_csv,3
BINCSVL3_yatServer_INFINITE_exe_4_csv,4
BINCSVL3_yatServer_INFINITE_exe_5_csv,4
BINCSVL3_yatServer_INFINITE_exe_6_csv,5
BINCSVL3_yatServer_INFINITE_exe_7_csv,5
BINCSVL3_yatServer_INFINITE_exe_8_csv,5
BINCSVL3_yatServer_INFINITE_exe_9_csv,5
