BINCSVL1_yatServer_CONTROL_exe_0_csv,3
BINCSVL1_yatServer_CONTROL_exe_10_csv,5
BINCSVL1_yatServer_CONTROL_exe_11_csv,6
BINCSVL1_yatServer_CONTROL_exe_12_csv,3
BINCSVL1_yatServer_CONTROL_exe_13_csv,1
BINCSVL1_yatServer_CONTROL_exe_14_csv,2
BINCSVL1_yatServer_CONTROL_exe_15_csv,6
BINCSVL1_yatServer_CONTROL_exe_16_csv,6
BINCSVL1_yatServer_CONTROL_exe_17_csv,5
BINCSVL1_yatServer_CONTROL_exe_18_csv,0
BINCSVL1_yatServer_CONTROL_exe_19_csv,2
BINCSVL1_yatServer_CONTROL_exe_1_csv,6
BINCSVL1_yatServer_CONTROL_exe_20_csv,2
BINCSVL1_yatServer_CONTROL_exe_21_csv,3
BINCSVL1_yatServer_CONTROL_exe_22_csv,3
BINCSVL1_yatServer_CONTROL_exe_23_csv,0
BINCSVL1_yatServer_CONTROL_exe_24_csv,6
BINCSVL1_yatServer_CONTROL_exe_25_csv,1
BINCSVL1_yatServer_CONTROL_exe_26_csv,6
BINCSVL1_yatServer_CONTROL_exe_27_csv,5
BINCSVL1_yatServer_CONTROL_exe_28_csv,1
BINCSVL1_yatServer_CONTROL_exe_29_csv,1
BINCSVL1_yatServer_CONTROL_exe_2_csv,6
BINCSVL1_yatServer_CONTROL_exe_3_csv,1
BINCSVL1_yatServer_CONTROL_exe_4_csv,6
BINCSVL1_yatServer_CONTROL_exe_5_csv,1
BINCSVL1_yatServer_CONTROL_exe_6_csv,0
BINCSVL1_yatServer_CONTROL_exe_7_csv,4
BINCSVL1_yatServer_CONTROL_exe_8_csv,1
BINCSVL1_yatServer_CONTROL_exe_9_csv,5
BINCSVL1_yatServer_NOBREAK_exe_12_csv,6
BINCSVL1_yatServer_NOBREAK_exe_13_csv,2
BINCSVL1_yatServer_NOBREAK_exe_15_csv,3
BINCSVL1_yatServer_NOBREAK_exe_16_csv,6
BINCSVL1_yatServer_NOBREAK_exe_20_csv,6
BINCSVL1_yatServer_NOBREAK_exe_24_csv,4
BINCSVL1_yatServer_NOBREAK_exe_27_csv,5
BINCSVL1_yatServer_NOBREAK_exe_29_csv,2
BINCSVL1_yatServer_NOBREAK_exe_4_csv,5
BINCSVL1_yatServer_NOBREAK_exe_5_csv,4
BINCSVL1_yatServer_NOBREAK_exe_6_csv,4
BINCSVL1_yatServer_NOBREAK_exe_7_csv,6
BINCSVL1_yatServer_NOBREAK_exe_8_csv,6
BINCSVL1_yatServer_NOBREAK_exe_9_csv,3
